1	KP	Str	User Initials:	EOL
2	PaN_20262104	Str	Sample Name:	EOL
3	FET IDS vs. VGS	Str	Meas. type:	EOL
4	Red-Black	Str	Comment 1:	EOL
5	V34: -6V	Str	Comment 2:	EOL
6	VG4: 15V to -45V 	Str	Comment 3:	EOL
7	C8-BTBT-C8	Str	Comment 4:	EOL
8	void	Str	Comment 5:	EOL
9	void	Str	void:	EOL
10	-15	Dbl	Initial GS-voltage VG4 (V):	EOL
11	-45.0	Dbl	Final GS-voltage VG4 (V):	EOL
12	301	Lng	Bins for GS-voltage ():	EOL
13	1	Lng	Scans to do ():	EOL
14	-666	Dbl	void:	EOL
15	-6	Dbl	DS-voltage V34 (V):	EOL
16	1e-6	Dbl	GS-current limit for IGS (A):	EOL
17	2e-5	Dbl	DS-current limit for I34 (A):	EOL
18	-666	Dbl	void:	EOL
19	-666	Dbl	void:	EOL
20	50	Lng	Basic wait time (ms):	EOL
21	0	Lng	Sec. before start (s):	EOL
22	0	Dbl	VG4 before Start (V):	EOL
23	-666	Dbl	void:	EOL
24	-666	Dbl	void:	EOL
25	-666	Dbl	void:	EOL
