

*******************************************************************************
Mon Apr 20 12:59:45 2026


FIT:    data read from '.\Data_Mobility_ALD\20262004001.dat' using 1:7
        format = x:z
        #datapoints = 201
        residuals are weighted equally (unit weight)

function used for fitting: f(x)
	f(x) = a*x + b
fitted parameters initialized with current variable values

   4 3.5790974654e-06  -3.43e-05  2.38e-04    1.876351e-04  -3.633838e-04

After 4 iterations the fit converged.
final sum of squares of residuals : 3.5791e-06
rel. change during last iteration : -3.43321e-10

degrees of freedom    (FIT_NDF)                        : 199
rms of residuals      (FIT_STDFIT) = sqrt(WSSR/ndf)    : 0.00013411
variance of residuals (reduced chisquare) = WSSR/ndf   : 1.79854e-08

Final set of parameters            Asymptotic Standard Error
=======================            ==========================
a               = 0.000187635      +/- 8.151e-06    (4.344%)
b               = -0.000363384     +/- 2.622e-05    (7.216%)

correlation matrix of the fit parameters:
                a      b      
a               1.000 
b              -0.933  1.000 


*******************************************************************************
Mon Apr 20 13:00:37 2026


FIT:    data read from '.\Data_Mobility_ALD\20262004001.dat' using 1:7
        format = x:z
        #datapoints = 201
        residuals are weighted equally (unit weight)

function used for fitting: f(x)
	f(x) = a*x + b
fitted parameters initialized with current variable values

   4 3.5790974654e-06  -3.43e-05  2.38e-04    1.876351e-04  -3.633838e-04

After 4 iterations the fit converged.
final sum of squares of residuals : 3.5791e-06
rel. change during last iteration : -3.43321e-10

degrees of freedom    (FIT_NDF)                        : 199
rms of residuals      (FIT_STDFIT) = sqrt(WSSR/ndf)    : 0.00013411
variance of residuals (reduced chisquare) = WSSR/ndf   : 1.79854e-08

Final set of parameters            Asymptotic Standard Error
=======================            ==========================
a               = 0.000187635      +/- 8.151e-06    (4.344%)
b               = -0.000363384     +/- 2.622e-05    (7.216%)

correlation matrix of the fit parameters:
                a      b      
a               1.000 
b              -0.933  1.000 


*******************************************************************************
Mon Apr 20 13:04:25 2026


FIT:    data read from '.\Data_Mobility_ALD\20262004001.dat' using 1:7
        format = x:z
        x range restricted to [2.00000 : 5.00000]
        #datapoints = 151
        residuals are weighted equally (unit weight)

function used for fitting: f(x)
	f(x) = a*x + b
fitted parameters initialized with current variable values

   5 6.0820152493e-10  -4.42e-10  2.65e-05    1.442690e-04  -2.013689e-04

After 5 iterations the fit converged.
final sum of squares of residuals : 6.08202e-10
rel. change during last iteration : -4.42014e-15

degrees of freedom    (FIT_NDF)                        : 149
rms of residuals      (FIT_STDFIT) = sqrt(WSSR/ndf)    : 2.02037e-06
variance of residuals (reduced chisquare) = WSSR/ndf   : 4.08189e-12

Final set of parameters            Asymptotic Standard Error
=======================            ==========================
a               = 0.000144269      +/- 1.886e-07    (0.1307%)
b               = -0.000201369     +/- 6.803e-07    (0.3378%)

correlation matrix of the fit parameters:
                a      b      
a               1.000 
b              -0.970  1.000 


*******************************************************************************
Mon Apr 20 13:04:34 2026


FIT:    data read from '.\Data_Mobility_ALD\20262004001.dat' using 1:7
        format = x:z
        x range restricted to [3.00000 : 5.00000]
        #datapoints = 101
        residuals are weighted equally (unit weight)

function used for fitting: f(x)
	f(x) = a*x + b
fitted parameters initialized with current variable values

   5 2.1613593395e-10  -2.10e-06  2.94e-05    1.440945e-04  -2.008565e-04

After 5 iterations the fit converged.
final sum of squares of residuals : 2.16136e-10
rel. change during last iteration : -2.09655e-11

degrees of freedom    (FIT_NDF)                        : 99
rms of residuals      (FIT_STDFIT) = sqrt(WSSR/ndf)    : 1.47756e-06
variance of residuals (reduced chisquare) = WSSR/ndf   : 2.18319e-12

Final set of parameters            Asymptotic Standard Error
=======================            ==========================
a               = 0.000144094      +/- 2.521e-07    (0.175%)
b               = -0.000200856     +/- 1.019e-06    (0.5074%)

correlation matrix of the fit parameters:
                a      b      
a               1.000 
b              -0.990  1.000 


*******************************************************************************
Mon Apr 20 13:04:51 2026


FIT:    data read from '.\Data_Mobility_ALD\20262004001.dat' using 1:7
        format = x:z
        x range restricted to [3.00000 : 5.00000]
        #datapoints = 101
        residuals are weighted equally (unit weight)

function used for fitting: f(x)
	f(x) = a*x + b
fitted parameters initialized with current variable values

   5 2.1613593395e-10  -2.10e-06  2.94e-05    1.440945e-04  -2.008565e-04

After 5 iterations the fit converged.
final sum of squares of residuals : 2.16136e-10
rel. change during last iteration : -2.09655e-11

degrees of freedom    (FIT_NDF)                        : 99
rms of residuals      (FIT_STDFIT) = sqrt(WSSR/ndf)    : 1.47756e-06
variance of residuals (reduced chisquare) = WSSR/ndf   : 2.18319e-12

Final set of parameters            Asymptotic Standard Error
=======================            ==========================
a               = 0.000144094      +/- 2.521e-07    (0.175%)
b               = -0.000200856     +/- 1.019e-06    (0.5074%)

correlation matrix of the fit parameters:
                a      b      
a               1.000 
b              -0.990  1.000 


*******************************************************************************
Mon Apr 20 13:12:21 2026


FIT:    data read from '.\Data_Mobility_ALD\20262004001.dat' using 1:7
        format = x:z
        x range restricted to [3.00000 : 5.00000]
        #datapoints = 101
        residuals are weighted equally (unit weight)

function used for fitting: f(x)
	f(x) = a*x + b
fitted parameters initialized with current variable values

   5 2.1613593395e-10  -2.10e-06  2.94e-05    1.440945e-04  -2.008565e-04

After 5 iterations the fit converged.
final sum of squares of residuals : 2.16136e-10
rel. change during last iteration : -2.09655e-11

degrees of freedom    (FIT_NDF)                        : 99
rms of residuals      (FIT_STDFIT) = sqrt(WSSR/ndf)    : 1.47756e-06
variance of residuals (reduced chisquare) = WSSR/ndf   : 2.18319e-12

Final set of parameters            Asymptotic Standard Error
=======================            ==========================
a               = 0.000144094      +/- 2.521e-07    (0.175%)
b               = -0.000200856     +/- 1.019e-06    (0.5074%)

correlation matrix of the fit parameters:
                a      b      
a               1.000 
b              -0.990  1.000 


*******************************************************************************
Mon Apr 20 13:12:51 2026


FIT:    data read from '.\Data_Mobility_ALD\20262004001.dat' using 1:7
        format = x:z
        x range restricted to [3.00000 : 5.00000]
        #datapoints = 101
        residuals are weighted equally (unit weight)

function used for fitting: f(x)
	f(x) = a*x + b
fitted parameters initialized with current variable values

   5 2.1613593395e-10  -2.10e-06  2.94e-05    1.440945e-04  -2.008565e-04

After 5 iterations the fit converged.
final sum of squares of residuals : 2.16136e-10
rel. change during last iteration : -2.09655e-11

degrees of freedom    (FIT_NDF)                        : 99
rms of residuals      (FIT_STDFIT) = sqrt(WSSR/ndf)    : 1.47756e-06
variance of residuals (reduced chisquare) = WSSR/ndf   : 2.18319e-12

Final set of parameters            Asymptotic Standard Error
=======================            ==========================
a               = 0.000144094      +/- 2.521e-07    (0.175%)
b               = -0.000200856     +/- 1.019e-06    (0.5074%)

correlation matrix of the fit parameters:
                a      b      
a               1.000 
b              -0.990  1.000 


*******************************************************************************
Mon Apr 20 13:13:13 2026


FIT:    data read from '.\Data_Mobility_ALD\20262004001.dat' using 1:7
        format = x:z
        x range restricted to [3.00000 : 5.00000]
        #datapoints = 101
        residuals are weighted equally (unit weight)

function used for fitting: f(x)
	f(x) = a*x + b
fitted parameters initialized with current variable values

   5 2.1613593395e-10  -2.10e-06  2.94e-05    1.440945e-04  -2.008565e-04

After 5 iterations the fit converged.
final sum of squares of residuals : 2.16136e-10
rel. change during last iteration : -2.09655e-11

degrees of freedom    (FIT_NDF)                        : 99
rms of residuals      (FIT_STDFIT) = sqrt(WSSR/ndf)    : 1.47756e-06
variance of residuals (reduced chisquare) = WSSR/ndf   : 2.18319e-12

Final set of parameters            Asymptotic Standard Error
=======================            ==========================
a               = 0.000144094      +/- 2.521e-07    (0.175%)
b               = -0.000200856     +/- 1.019e-06    (0.5074%)

correlation matrix of the fit parameters:
                a      b      
a               1.000 
b              -0.990  1.000 


*******************************************************************************
Mon Apr 20 13:13:27 2026


FIT:    data read from '.\Data_Mobility_ALD\20262004001.dat' using 1:7
        format = x:z
        x range restricted to [3.00000 : 5.00000]
        #datapoints = 101
        residuals are weighted equally (unit weight)

function used for fitting: f(x)
	f(x) = a*x + b
fitted parameters initialized with current variable values

   5 2.1613593395e-10  -2.10e-06  2.94e-05    1.440945e-04  -2.008565e-04

After 5 iterations the fit converged.
final sum of squares of residuals : 2.16136e-10
rel. change during last iteration : -2.09655e-11

degrees of freedom    (FIT_NDF)                        : 99
rms of residuals      (FIT_STDFIT) = sqrt(WSSR/ndf)    : 1.47756e-06
variance of residuals (reduced chisquare) = WSSR/ndf   : 2.18319e-12

Final set of parameters            Asymptotic Standard Error
=======================            ==========================
a               = 0.000144094      +/- 2.521e-07    (0.175%)
b               = -0.000200856     +/- 1.019e-06    (0.5074%)

correlation matrix of the fit parameters:
                a      b      
a               1.000 
b              -0.990  1.000 


*******************************************************************************
Mon Apr 20 13:13:41 2026


FIT:    data read from '.\Data_Mobility_ALD\20262004001.dat' using 1:7
        format = x:z
        x range restricted to [3.00000 : 5.00000]
        #datapoints = 101
        residuals are weighted equally (unit weight)

function used for fitting: f(x)
	f(x) = a*x + b
fitted parameters initialized with current variable values

   5 2.1613593395e-10  -2.10e-06  2.94e-05    1.440945e-04  -2.008565e-04

After 5 iterations the fit converged.
final sum of squares of residuals : 2.16136e-10
rel. change during last iteration : -2.09655e-11

degrees of freedom    (FIT_NDF)                        : 99
rms of residuals      (FIT_STDFIT) = sqrt(WSSR/ndf)    : 1.47756e-06
variance of residuals (reduced chisquare) = WSSR/ndf   : 2.18319e-12

Final set of parameters            Asymptotic Standard Error
=======================            ==========================
a               = 0.000144094      +/- 2.521e-07    (0.175%)
b               = -0.000200856     +/- 1.019e-06    (0.5074%)

correlation matrix of the fit parameters:
                a      b      
a               1.000 
b              -0.990  1.000 


*******************************************************************************
Mon Apr 20 13:13:48 2026


FIT:    data read from '.\Data_Mobility_ALD\20262004001.dat' using 1:7
        format = x:z
        x range restricted to [3.00000 : 5.00000]
        #datapoints = 101
        residuals are weighted equally (unit weight)

function used for fitting: f(x)
	f(x) = a*x + b
fitted parameters initialized with current variable values

   5 2.1613593395e-10  -2.10e-06  2.94e-05    1.440945e-04  -2.008565e-04

After 5 iterations the fit converged.
final sum of squares of residuals : 2.16136e-10
rel. change during last iteration : -2.09655e-11

degrees of freedom    (FIT_NDF)                        : 99
rms of residuals      (FIT_STDFIT) = sqrt(WSSR/ndf)    : 1.47756e-06
variance of residuals (reduced chisquare) = WSSR/ndf   : 2.18319e-12

Final set of parameters            Asymptotic Standard Error
=======================            ==========================
a               = 0.000144094      +/- 2.521e-07    (0.175%)
b               = -0.000200856     +/- 1.019e-06    (0.5074%)

correlation matrix of the fit parameters:
                a      b      
a               1.000 
b              -0.990  1.000 


*******************************************************************************
Mon Apr 20 13:15:12 2026


FIT:    data read from '.\Data_Mobility_ALD\20262004001.dat' using 1:7
        format = x:z
        x range restricted to [3.00000 : 5.00000]
        #datapoints = 101
        residuals are weighted equally (unit weight)

function used for fitting: f(x)
	f(x) = a*x + b
fitted parameters initialized with current variable values

   5 2.1613593395e-10  -2.10e-06  2.94e-05    1.440945e-04  -2.008565e-04

After 5 iterations the fit converged.
final sum of squares of residuals : 2.16136e-10
rel. change during last iteration : -2.09655e-11

degrees of freedom    (FIT_NDF)                        : 99
rms of residuals      (FIT_STDFIT) = sqrt(WSSR/ndf)    : 1.47756e-06
variance of residuals (reduced chisquare) = WSSR/ndf   : 2.18319e-12

Final set of parameters            Asymptotic Standard Error
=======================            ==========================
a               = 0.000144094      +/- 2.521e-07    (0.175%)
b               = -0.000200856     +/- 1.019e-06    (0.5074%)

correlation matrix of the fit parameters:
                a      b      
a               1.000 
b              -0.990  1.000 


*******************************************************************************
Mon Apr 20 13:15:34 2026


FIT:    data read from '.\Data_Mobility_ALD\20262004001.dat' using 1:7
        format = x:z
        x range restricted to [3.00000 : 5.00000]
        #datapoints = 101
        residuals are weighted equally (unit weight)

function used for fitting: f(x)
	f(x) = a*x + b
fitted parameters initialized with current variable values

   5 2.1613593395e-10  -2.10e-06  2.94e-05    1.440945e-04  -2.008565e-04

After 5 iterations the fit converged.
final sum of squares of residuals : 2.16136e-10
rel. change during last iteration : -2.09655e-11

degrees of freedom    (FIT_NDF)                        : 99
rms of residuals      (FIT_STDFIT) = sqrt(WSSR/ndf)    : 1.47756e-06
variance of residuals (reduced chisquare) = WSSR/ndf   : 2.18319e-12

Final set of parameters            Asymptotic Standard Error
=======================            ==========================
a               = 0.000144094      +/- 2.521e-07    (0.175%)
b               = -0.000200856     +/- 1.019e-06    (0.5074%)

correlation matrix of the fit parameters:
                a      b      
a               1.000 
b              -0.990  1.000 


*******************************************************************************
Mon Apr 20 13:15:43 2026


FIT:    data read from '.\Data_Mobility_ALD\20262004001.dat' using 1:7
        format = x:z
        x range restricted to [3.00000 : 5.00000]
        #datapoints = 101
        residuals are weighted equally (unit weight)

function used for fitting: f(x)
	f(x) = a*x + b
fitted parameters initialized with current variable values

   5 2.1613593395e-10  -2.10e-06  2.94e-05    1.440945e-04  -2.008565e-04

After 5 iterations the fit converged.
final sum of squares of residuals : 2.16136e-10
rel. change during last iteration : -2.09655e-11

degrees of freedom    (FIT_NDF)                        : 99
rms of residuals      (FIT_STDFIT) = sqrt(WSSR/ndf)    : 1.47756e-06
variance of residuals (reduced chisquare) = WSSR/ndf   : 2.18319e-12

Final set of parameters            Asymptotic Standard Error
=======================            ==========================
a               = 0.000144094      +/- 2.521e-07    (0.175%)
b               = -0.000200856     +/- 1.019e-06    (0.5074%)

correlation matrix of the fit parameters:
                a      b      
a               1.000 
b              -0.990  1.000 


*******************************************************************************
Mon Apr 20 13:16:01 2026


FIT:    data read from '.\Data_Mobility_ALD\20262004001.dat' using 1:7
        format = x:z
        x range restricted to [3.00000 : 5.00000]
        #datapoints = 101
        residuals are weighted equally (unit weight)

function used for fitting: f(x)
	f(x) = a*x + b
fitted parameters initialized with current variable values

   5 2.1613593395e-10  -2.10e-06  2.94e-05    1.440945e-04  -2.008565e-04

After 5 iterations the fit converged.
final sum of squares of residuals : 2.16136e-10
rel. change during last iteration : -2.09655e-11

degrees of freedom    (FIT_NDF)                        : 99
rms of residuals      (FIT_STDFIT) = sqrt(WSSR/ndf)    : 1.47756e-06
variance of residuals (reduced chisquare) = WSSR/ndf   : 2.18319e-12

Final set of parameters            Asymptotic Standard Error
=======================            ==========================
a               = 0.000144094      +/- 2.521e-07    (0.175%)
b               = -0.000200856     +/- 1.019e-06    (0.5074%)

correlation matrix of the fit parameters:
                a      b      
a               1.000 
b              -0.990  1.000 


*******************************************************************************
Mon Apr 20 13:16:08 2026


FIT:    data read from '.\Data_Mobility_ALD\20262004001.dat' using 1:7
        format = x:z
        x range restricted to [3.00000 : 5.00000]
        #datapoints = 101
        residuals are weighted equally (unit weight)

function used for fitting: f(x)
	f(x) = a*x + b
fitted parameters initialized with current variable values

   5 2.1613593395e-10  -2.10e-06  2.94e-05    1.440945e-04  -2.008565e-04

After 5 iterations the fit converged.
final sum of squares of residuals : 2.16136e-10
rel. change during last iteration : -2.09655e-11

degrees of freedom    (FIT_NDF)                        : 99
rms of residuals      (FIT_STDFIT) = sqrt(WSSR/ndf)    : 1.47756e-06
variance of residuals (reduced chisquare) = WSSR/ndf   : 2.18319e-12

Final set of parameters            Asymptotic Standard Error
=======================            ==========================
a               = 0.000144094      +/- 2.521e-07    (0.175%)
b               = -0.000200856     +/- 1.019e-06    (0.5074%)

correlation matrix of the fit parameters:
                a      b      
a               1.000 
b              -0.990  1.000 


*******************************************************************************
Mon Apr 20 13:25:26 2026


FIT:    data read from '.\Data_Mobility_ALD\20262004001.dat' using 1:7
        format = x:z
        x range restricted to [3.00000 : 5.00000]
        #datapoints = 101
        residuals are weighted equally (unit weight)

function used for fitting: f(x)
	f(x) = a*x + b
fitted parameters initialized with current variable values

   5 2.1613593395e-10  -2.10e-06  2.94e-05    1.440945e-04  -2.008565e-04

After 5 iterations the fit converged.
final sum of squares of residuals : 2.16136e-10
rel. change during last iteration : -2.09655e-11

degrees of freedom    (FIT_NDF)                        : 99
rms of residuals      (FIT_STDFIT) = sqrt(WSSR/ndf)    : 1.47756e-06
variance of residuals (reduced chisquare) = WSSR/ndf   : 2.18319e-12

Final set of parameters            Asymptotic Standard Error
=======================            ==========================
a               = 0.000144094      +/- 2.521e-07    (0.175%)
b               = -0.000200856     +/- 1.019e-06    (0.5074%)

correlation matrix of the fit parameters:
                a      b      
a               1.000 
b              -0.990  1.000 


*******************************************************************************
Mon Apr 20 13:27:21 2026


FIT:    data read from '.\Data_Mobility_ALD\20262004001.dat' using 1:7
        format = x:z
        x range restricted to [3.00000 : 5.00000]
        #datapoints = 101
        residuals are weighted equally (unit weight)

function used for fitting: f(x)
	f(x) = a*x + b
fitted parameters initialized with current variable values

   5 2.1613593395e-10  -2.10e-06  2.94e-05    1.440945e-04  -2.008565e-04

After 5 iterations the fit converged.
final sum of squares of residuals : 2.16136e-10
rel. change during last iteration : -2.09655e-11

degrees of freedom    (FIT_NDF)                        : 99
rms of residuals      (FIT_STDFIT) = sqrt(WSSR/ndf)    : 1.47756e-06
variance of residuals (reduced chisquare) = WSSR/ndf   : 2.18319e-12

Final set of parameters            Asymptotic Standard Error
=======================            ==========================
a               = 0.000144094      +/- 2.521e-07    (0.175%)
b               = -0.000200856     +/- 1.019e-06    (0.5074%)

correlation matrix of the fit parameters:
                a      b      
a               1.000 
b              -0.990  1.000 


*******************************************************************************
Mon Apr 20 13:27:29 2026


FIT:    data read from '.\Data_Mobility_ALD\20262004001.dat' using 1:7
        format = x:z
        x range restricted to [3.00000 : 5.00000]
        #datapoints = 101
        residuals are weighted equally (unit weight)

function used for fitting: f(x)
	f(x) = a*x + b
fitted parameters initialized with current variable values

   5 2.1613593395e-10  -2.10e-06  2.94e-05    1.440945e-04  -2.008565e-04

After 5 iterations the fit converged.
final sum of squares of residuals : 2.16136e-10
rel. change during last iteration : -2.09655e-11

degrees of freedom    (FIT_NDF)                        : 99
rms of residuals      (FIT_STDFIT) = sqrt(WSSR/ndf)    : 1.47756e-06
variance of residuals (reduced chisquare) = WSSR/ndf   : 2.18319e-12

Final set of parameters            Asymptotic Standard Error
=======================            ==========================
a               = 0.000144094      +/- 2.521e-07    (0.175%)
b               = -0.000200856     +/- 1.019e-06    (0.5074%)

correlation matrix of the fit parameters:
                a      b      
a               1.000 
b              -0.990  1.000 


*******************************************************************************
Mon Apr 20 13:27:42 2026


FIT:    data read from '.\Data_Mobility_ALD\20262004001.dat' using 1:7
        format = x:z
        x range restricted to [3.00000 : 5.00000]
        #datapoints = 101
        residuals are weighted equally (unit weight)

function used for fitting: f(x)
	f(x) = a*x + b
fitted parameters initialized with current variable values

   5 2.1613593395e-10  -2.10e-06  2.94e-05    1.440945e-04  -2.008565e-04

After 5 iterations the fit converged.
final sum of squares of residuals : 2.16136e-10
rel. change during last iteration : -2.09655e-11

degrees of freedom    (FIT_NDF)                        : 99
rms of residuals      (FIT_STDFIT) = sqrt(WSSR/ndf)    : 1.47756e-06
variance of residuals (reduced chisquare) = WSSR/ndf   : 2.18319e-12

Final set of parameters            Asymptotic Standard Error
=======================            ==========================
a               = 0.000144094      +/- 2.521e-07    (0.175%)
b               = -0.000200856     +/- 1.019e-06    (0.5074%)

correlation matrix of the fit parameters:
                a      b      
a               1.000 
b              -0.990  1.000 


*******************************************************************************
Mon Apr 20 13:27:53 2026


FIT:    data read from '.\Data_Mobility_ALD\20262004001.dat' using 1:7
        format = x:z
        x range restricted to [3.00000 : 5.00000]
        #datapoints = 101
        residuals are weighted equally (unit weight)

function used for fitting: f(x)
	f(x) = a*x + b
fitted parameters initialized with current variable values

   5 2.1613593395e-10  -2.10e-06  2.94e-05    1.440945e-04  -2.008565e-04

After 5 iterations the fit converged.
final sum of squares of residuals : 2.16136e-10
rel. change during last iteration : -2.09655e-11

degrees of freedom    (FIT_NDF)                        : 99
rms of residuals      (FIT_STDFIT) = sqrt(WSSR/ndf)    : 1.47756e-06
variance of residuals (reduced chisquare) = WSSR/ndf   : 2.18319e-12

Final set of parameters            Asymptotic Standard Error
=======================            ==========================
a               = 0.000144094      +/- 2.521e-07    (0.175%)
b               = -0.000200856     +/- 1.019e-06    (0.5074%)

correlation matrix of the fit parameters:
                a      b      
a               1.000 
b              -0.990  1.000 


*******************************************************************************
Mon Apr 20 13:27:58 2026


FIT:    data read from '.\Data_Mobility_ALD\20262004001.dat' using 1:7
        format = x:z
        x range restricted to [3.00000 : 5.00000]
        #datapoints = 101
        residuals are weighted equally (unit weight)

function used for fitting: f(x)
	f(x) = a*x + b
fitted parameters initialized with current variable values

   5 2.1613593395e-10  -2.10e-06  2.94e-05    1.440945e-04  -2.008565e-04

After 5 iterations the fit converged.
final sum of squares of residuals : 2.16136e-10
rel. change during last iteration : -2.09655e-11

degrees of freedom    (FIT_NDF)                        : 99
rms of residuals      (FIT_STDFIT) = sqrt(WSSR/ndf)    : 1.47756e-06
variance of residuals (reduced chisquare) = WSSR/ndf   : 2.18319e-12

Final set of parameters            Asymptotic Standard Error
=======================            ==========================
a               = 0.000144094      +/- 2.521e-07    (0.175%)
b               = -0.000200856     +/- 1.019e-06    (0.5074%)

correlation matrix of the fit parameters:
                a      b      
a               1.000 
b              -0.990  1.000 


*******************************************************************************
Mon Apr 20 13:28:23 2026


FIT:    data read from '.\Data_Mobility_ALD\20262004001.dat' using 1:7
        format = x:z
        x range restricted to [3.00000 : 5.00000]
        #datapoints = 101
        residuals are weighted equally (unit weight)

function used for fitting: f(x)
	f(x) = a*x + b
fitted parameters initialized with current variable values

   5 2.1613593395e-10  -2.10e-06  2.94e-05    1.440945e-04  -2.008565e-04

After 5 iterations the fit converged.
final sum of squares of residuals : 2.16136e-10
rel. change during last iteration : -2.09655e-11

degrees of freedom    (FIT_NDF)                        : 99
rms of residuals      (FIT_STDFIT) = sqrt(WSSR/ndf)    : 1.47756e-06
variance of residuals (reduced chisquare) = WSSR/ndf   : 2.18319e-12

Final set of parameters            Asymptotic Standard Error
=======================            ==========================
a               = 0.000144094      +/- 2.521e-07    (0.175%)
b               = -0.000200856     +/- 1.019e-06    (0.5074%)

correlation matrix of the fit parameters:
                a      b      
a               1.000 
b              -0.990  1.000 


*******************************************************************************
Mon Apr 20 13:29:30 2026


FIT:    data read from '.\Data_Mobility_ALD\20262004001.dat' using 1:7
        format = x:z
        x range restricted to [3.00000 : 5.00000]
        #datapoints = 101
        residuals are weighted equally (unit weight)

function used for fitting: f(x)
	f(x) = a*x + b
fitted parameters initialized with current variable values

   5 2.1613593395e-10  -2.10e-06  2.94e-05    1.440945e-04  -2.008565e-04

After 5 iterations the fit converged.
final sum of squares of residuals : 2.16136e-10
rel. change during last iteration : -2.09655e-11

degrees of freedom    (FIT_NDF)                        : 99
rms of residuals      (FIT_STDFIT) = sqrt(WSSR/ndf)    : 1.47756e-06
variance of residuals (reduced chisquare) = WSSR/ndf   : 2.18319e-12

Final set of parameters            Asymptotic Standard Error
=======================            ==========================
a               = 0.000144094      +/- 2.521e-07    (0.175%)
b               = -0.000200856     +/- 1.019e-06    (0.5074%)

correlation matrix of the fit parameters:
                a      b      
a               1.000 
b              -0.990  1.000 


*******************************************************************************
Mon Apr 20 13:30:27 2026


FIT:    data read from '.\Data_Mobility_ALD\20262004001.dat' using 1:7
        format = x:z
        x range restricted to [3.00000 : 5.00000]
        #datapoints = 101
        residuals are weighted equally (unit weight)

function used for fitting: f(x)
	f(x) = a*x + b
fitted parameters initialized with current variable values

   5 2.1613593395e-10  -2.10e-06  2.94e-05    1.440945e-04  -2.008565e-04

After 5 iterations the fit converged.
final sum of squares of residuals : 2.16136e-10
rel. change during last iteration : -2.09655e-11

degrees of freedom    (FIT_NDF)                        : 99
rms of residuals      (FIT_STDFIT) = sqrt(WSSR/ndf)    : 1.47756e-06
variance of residuals (reduced chisquare) = WSSR/ndf   : 2.18319e-12

Final set of parameters            Asymptotic Standard Error
=======================            ==========================
a               = 0.000144094      +/- 2.521e-07    (0.175%)
b               = -0.000200856     +/- 1.019e-06    (0.5074%)

correlation matrix of the fit parameters:
                a      b      
a               1.000 
b              -0.990  1.000 


*******************************************************************************
Mon Apr 20 13:31:13 2026


FIT:    data read from '.\Data_Mobility_ALD\20262004001.dat' using 1:7
        format = x:z
        x range restricted to [3.00000 : 5.00000]
        #datapoints = 101
        residuals are weighted equally (unit weight)

function used for fitting: f(x)
	f(x) = a*x + b
fitted parameters initialized with current variable values

   5 2.1613593395e-10  -2.10e-06  2.94e-05    1.440945e-04  -2.008565e-04

After 5 iterations the fit converged.
final sum of squares of residuals : 2.16136e-10
rel. change during last iteration : -2.09655e-11

degrees of freedom    (FIT_NDF)                        : 99
rms of residuals      (FIT_STDFIT) = sqrt(WSSR/ndf)    : 1.47756e-06
variance of residuals (reduced chisquare) = WSSR/ndf   : 2.18319e-12

Final set of parameters            Asymptotic Standard Error
=======================            ==========================
a               = 0.000144094      +/- 2.521e-07    (0.175%)
b               = -0.000200856     +/- 1.019e-06    (0.5074%)

correlation matrix of the fit parameters:
                a      b      
a               1.000 
b              -0.990  1.000 


*******************************************************************************
Mon Apr 20 15:20:41 2026


FIT:    data read from '.\Data_Mobility_ALD\20262004001.dat' using 1:7
        format = x:z
        x range restricted to [3.00000 : 5.00000]
        #datapoints = 101
        residuals are weighted equally (unit weight)

function used for fitting: f(x)
	f(x) = a*x + b
fitted parameters initialized with current variable values

   5 2.1613593395e-10  -2.10e-06  2.94e-05    1.440945e-04  -2.008565e-04

After 5 iterations the fit converged.
final sum of squares of residuals : 2.16136e-10
rel. change during last iteration : -2.09655e-11

degrees of freedom    (FIT_NDF)                        : 99
rms of residuals      (FIT_STDFIT) = sqrt(WSSR/ndf)    : 1.47756e-06
variance of residuals (reduced chisquare) = WSSR/ndf   : 2.18319e-12

Final set of parameters            Asymptotic Standard Error
=======================            ==========================
a               = 0.000144094      +/- 2.521e-07    (0.175%)
b               = -0.000200856     +/- 1.019e-06    (0.5074%)

correlation matrix of the fit parameters:
                a      b      
a               1.000 
b              -0.990  1.000 


*******************************************************************************
Mon Apr 20 15:20:55 2026


FIT:    data read from '.\Data_Mobility_ALD\20262004001.dat' using 1:7
        format = x:z
        x range restricted to [3.00000 : 5.00000]
        #datapoints = 101
        residuals are weighted equally (unit weight)

function used for fitting: f(x)
	f(x) = a*x + b
fitted parameters initialized with current variable values

   5 2.1613593395e-10  -2.10e-06  2.94e-05    1.440945e-04  -2.008565e-04

After 5 iterations the fit converged.
final sum of squares of residuals : 2.16136e-10
rel. change during last iteration : -2.09655e-11

degrees of freedom    (FIT_NDF)                        : 99
rms of residuals      (FIT_STDFIT) = sqrt(WSSR/ndf)    : 1.47756e-06
variance of residuals (reduced chisquare) = WSSR/ndf   : 2.18319e-12

Final set of parameters            Asymptotic Standard Error
=======================            ==========================
a               = 0.000144094      +/- 2.521e-07    (0.175%)
b               = -0.000200856     +/- 1.019e-06    (0.5074%)

correlation matrix of the fit parameters:
                a      b      
a               1.000 
b              -0.990  1.000 


*******************************************************************************
Mon Apr 20 15:21:02 2026


FIT:    data read from '.\Data_Mobility_ALD\20262004001.dat' using 1:7
        format = x:z
        x range restricted to [3.00000 : 5.00000]
        #datapoints = 101
        residuals are weighted equally (unit weight)

function used for fitting: f(x)
	f(x) = a*x + b
fitted parameters initialized with current variable values

   5 2.1613593395e-10  -2.10e-06  2.94e-05    1.440945e-04  -2.008565e-04

After 5 iterations the fit converged.
final sum of squares of residuals : 2.16136e-10
rel. change during last iteration : -2.09655e-11

degrees of freedom    (FIT_NDF)                        : 99
rms of residuals      (FIT_STDFIT) = sqrt(WSSR/ndf)    : 1.47756e-06
variance of residuals (reduced chisquare) = WSSR/ndf   : 2.18319e-12

Final set of parameters            Asymptotic Standard Error
=======================            ==========================
a               = 0.000144094      +/- 2.521e-07    (0.175%)
b               = -0.000200856     +/- 1.019e-06    (0.5074%)

correlation matrix of the fit parameters:
                a      b      
a               1.000 
b              -0.990  1.000 


*******************************************************************************
Mon Apr 20 15:38:32 2026


FIT:    data read from '.\Data_Mobility_ALD\20262004001.dat' using 1:7
        format = x:z
        x range restricted to [3.00000 : 5.00000]
        #datapoints = 101
        residuals are weighted equally (unit weight)

function used for fitting: f(x)
	f(x) = a*x + b
fitted parameters initialized with current variable values

   5 2.1613593395e-10  -2.10e-06  2.94e-05    1.440945e-04  -2.008565e-04

After 5 iterations the fit converged.
final sum of squares of residuals : 2.16136e-10
rel. change during last iteration : -2.09655e-11

degrees of freedom    (FIT_NDF)                        : 99
rms of residuals      (FIT_STDFIT) = sqrt(WSSR/ndf)    : 1.47756e-06
variance of residuals (reduced chisquare) = WSSR/ndf   : 2.18319e-12

Final set of parameters            Asymptotic Standard Error
=======================            ==========================
a               = 0.000144094      +/- 2.521e-07    (0.175%)
b               = -0.000200856     +/- 1.019e-06    (0.5074%)

correlation matrix of the fit parameters:
                a      b      
a               1.000 
b              -0.990  1.000 


*******************************************************************************
Mon Apr 20 15:38:42 2026


FIT:    data read from '.\Data_Mobility_ALD\20262004002.dat' using 1:7
        format = x:z
        x range restricted to [3.00000 : 5.00000]
        #datapoints = 51
        residuals are weighted equally (unit weight)

function used for fitting: f(x)
	f(x) = a*x + b
fitted parameters initialized with current variable values

   5 2.9067916262e-06  -5.14e-09  2.95e-05    2.693602e-03  -2.046685e-02

After 5 iterations the fit converged.
final sum of squares of residuals : 2.90679e-06
rel. change during last iteration : -5.14317e-14

degrees of freedom    (FIT_NDF)                        : 49
rms of residuals      (FIT_STDFIT) = sqrt(WSSR/ndf)    : 0.000243562
variance of residuals (reduced chisquare) = WSSR/ndf   : 5.93223e-08

Final set of parameters            Asymptotic Standard Error
=======================            ==========================
a               = 0.0026936        +/- 5.793e-05    (2.15%)
b               = -0.0204668       +/- 0.0002342    (1.144%)

correlation matrix of the fit parameters:
                a      b      
a               1.000 
b              -0.989  1.000 


*******************************************************************************
Mon Apr 20 15:38:52 2026


FIT:    data read from '.\Data_Mobility_ALD\20262004002.dat' using 1:7
        format = x:z
        x range restricted to [3.00000 : 5.00000]
        #datapoints = 51
        residuals are weighted equally (unit weight)

function used for fitting: f(x)
	f(x) = a*x + b
fitted parameters initialized with current variable values

   5 2.9067916262e-06  -5.14e-09  2.95e-05    2.693602e-03  -2.046685e-02

After 5 iterations the fit converged.
final sum of squares of residuals : 2.90679e-06
rel. change during last iteration : -5.14317e-14

degrees of freedom    (FIT_NDF)                        : 49
rms of residuals      (FIT_STDFIT) = sqrt(WSSR/ndf)    : 0.000243562
variance of residuals (reduced chisquare) = WSSR/ndf   : 5.93223e-08

Final set of parameters            Asymptotic Standard Error
=======================            ==========================
a               = 0.0026936        +/- 5.793e-05    (2.15%)
b               = -0.0204668       +/- 0.0002342    (1.144%)

correlation matrix of the fit parameters:
                a      b      
a               1.000 
b              -0.989  1.000 


*******************************************************************************
Mon Apr 20 15:39:10 2026


FIT:    data read from '.\Data_Mobility_ALD\20262004002.dat' using 1:8
        format = x:z
        x range restricted to [3.00000 : 5.00000]
        #datapoints = 51
        residuals are weighted equally (unit weight)

function used for fitting: f(x)
	f(x) = a*x + b
fitted parameters initialized with current variable values

   5 6.2621604917e-11  -2.24e-04  2.95e-05   -6.356326e-04   2.049059e-04

After 5 iterations the fit converged.
final sum of squares of residuals : 6.26216e-11
rel. change during last iteration : -2.24128e-09

degrees of freedom    (FIT_NDF)                        : 49
rms of residuals      (FIT_STDFIT) = sqrt(WSSR/ndf)    : 1.13048e-06
variance of residuals (reduced chisquare) = WSSR/ndf   : 1.27799e-12

Final set of parameters            Asymptotic Standard Error
=======================            ==========================
a               = -0.000635633     +/- 2.689e-07    (0.0423%)
b               = 0.000204906      +/- 1.087e-06    (0.5305%)

correlation matrix of the fit parameters:
                a      b      
a               1.000 
b              -0.989  1.000 


*******************************************************************************
Mon Apr 20 15:39:33 2026


FIT:    data read from '.\Data_Mobility_ALD\20262004002.dat' using 1:8
        format = x:z
        x range restricted to [2.00000 : 4.00000]
        #datapoints = 51
        residuals are weighted equally (unit weight)

function used for fitting: f(x)
	f(x) = a*x + b
fitted parameters initialized with current variable values

   5 3.2665750927e-09  -8.14e-09  2.27e-05   -6.610266e-04   2.930642e-04

After 5 iterations the fit converged.
final sum of squares of residuals : 3.26658e-09
rel. change during last iteration : -8.1412e-14

degrees of freedom    (FIT_NDF)                        : 49
rms of residuals      (FIT_STDFIT) = sqrt(WSSR/ndf)    : 8.16485e-06
variance of residuals (reduced chisquare) = WSSR/ndf   : 6.66648e-11

Final set of parameters            Asymptotic Standard Error
=======================            ==========================
a               = -0.000661027     +/- 1.942e-06    (0.2938%)
b               = 0.000293064      +/- 5.937e-06    (2.026%)

correlation matrix of the fit parameters:
                a      b      
a               1.000 
b              -0.981  1.000 


*******************************************************************************
Mon Apr 20 15:40:52 2026


FIT:    data read from '.\Data_Mobility_ALD\20262004002.dat' using 1:8
        format = x:z
        x range restricted to [2.00000 : 4.00000]
        #datapoints = 51
        residuals are weighted equally (unit weight)

function used for fitting: f(x)
	f(x) = a*x + b
fitted parameters initialized with current variable values

   5 3.2665750927e-09  -8.14e-09  2.27e-05   -6.610266e-04   2.930642e-04

After 5 iterations the fit converged.
final sum of squares of residuals : 3.26658e-09
rel. change during last iteration : -8.1412e-14

degrees of freedom    (FIT_NDF)                        : 49
rms of residuals      (FIT_STDFIT) = sqrt(WSSR/ndf)    : 8.16485e-06
variance of residuals (reduced chisquare) = WSSR/ndf   : 6.66648e-11

Final set of parameters            Asymptotic Standard Error
=======================            ==========================
a               = -0.000661027     +/- 1.942e-06    (0.2938%)
b               = 0.000293064      +/- 5.937e-06    (2.026%)

correlation matrix of the fit parameters:
                a      b      
a               1.000 
b              -0.981  1.000 


*******************************************************************************
Mon Apr 20 15:41:09 2026


FIT:    data read from '.\Data_Mobility_ALD\20262004002.dat' using 1:8
        format = x:z
        x range restricted to [2.00000 : 4.00000]
        #datapoints = 51
        residuals are weighted equally (unit weight)

function used for fitting: f(x)
	f(x) = a*x + b
fitted parameters initialized with current variable values

   5 3.2665750927e-09  -8.14e-09  2.27e-05   -6.610266e-04   2.930642e-04

After 5 iterations the fit converged.
final sum of squares of residuals : 3.26658e-09
rel. change during last iteration : -8.1412e-14

degrees of freedom    (FIT_NDF)                        : 49
rms of residuals      (FIT_STDFIT) = sqrt(WSSR/ndf)    : 8.16485e-06
variance of residuals (reduced chisquare) = WSSR/ndf   : 6.66648e-11

Final set of parameters            Asymptotic Standard Error
=======================            ==========================
a               = -0.000661027     +/- 1.942e-06    (0.2938%)
b               = 0.000293064      +/- 5.937e-06    (2.026%)

correlation matrix of the fit parameters:
                a      b      
a               1.000 
b              -0.981  1.000 


*******************************************************************************
Mon Apr 20 15:42:31 2026


FIT:    data read from '.\Data_Mobility_ALD\20262004002.dat' using 1:8
        format = x:z
        x range restricted to [2.00000 : 4.00000]
        #datapoints = 51
        residuals are weighted equally (unit weight)

function used for fitting: f(x)
	f(x) = a*x + b
fitted parameters initialized with current variable values

   5 3.2665750927e-09  -8.14e-09  2.27e-05   -6.610266e-04   2.930642e-04

After 5 iterations the fit converged.
final sum of squares of residuals : 3.26658e-09
rel. change during last iteration : -8.1412e-14

degrees of freedom    (FIT_NDF)                        : 49
rms of residuals      (FIT_STDFIT) = sqrt(WSSR/ndf)    : 8.16485e-06
variance of residuals (reduced chisquare) = WSSR/ndf   : 6.66648e-11

Final set of parameters            Asymptotic Standard Error
=======================            ==========================
a               = -0.000661027     +/- 1.942e-06    (0.2938%)
b               = 0.000293064      +/- 5.937e-06    (2.026%)

correlation matrix of the fit parameters:
                a      b      
a               1.000 
b              -0.981  1.000 


*******************************************************************************
Mon Apr 20 15:42:45 2026


FIT:    data read from '.\Data_Mobility_ALD\20262004002.dat' using 1:(-$8)
        format = x:z
        x range restricted to [2.00000 : 4.00000]
        #datapoints = 51
        residuals are weighted equally (unit weight)

function used for fitting: f(x)
	f(x) = a*x + b
fitted parameters initialized with current variable values

   5 3.2665750927e-09  -6.90e-09  2.27e-05    6.610266e-04  -2.930642e-04

After 5 iterations the fit converged.
final sum of squares of residuals : 3.26658e-09
rel. change during last iteration : -6.9004e-14

degrees of freedom    (FIT_NDF)                        : 49
rms of residuals      (FIT_STDFIT) = sqrt(WSSR/ndf)    : 8.16485e-06
variance of residuals (reduced chisquare) = WSSR/ndf   : 6.66648e-11

Final set of parameters            Asymptotic Standard Error
=======================            ==========================
a               = 0.000661027      +/- 1.942e-06    (0.2938%)
b               = -0.000293064     +/- 5.937e-06    (2.026%)

correlation matrix of the fit parameters:
                a      b      
a               1.000 
b              -0.981  1.000 


*******************************************************************************
Mon Apr 20 15:43:01 2026


FIT:    data read from '.\Data_Mobility_ALD\20262004002.dat' using 1:(-$8)
        format = x:z
        x range restricted to [1.00000 : 4.00000]
        #datapoints = 76
        residuals are weighted equally (unit weight)

function used for fitting: f(x)
	f(x) = a*x + b
fitted parameters initialized with current variable values

   4 8.7775264631e-08  -3.24e-02  2.00e-04    7.066564e-04  -4.372538e-04

After 4 iterations the fit converged.
final sum of squares of residuals : 8.77753e-08
rel. change during last iteration : -3.23952e-07

degrees of freedom    (FIT_NDF)                        : 74
rms of residuals      (FIT_STDFIT) = sqrt(WSSR/ndf)    : 3.44406e-05
variance of residuals (reduced chisquare) = WSSR/ndf   : 1.18615e-09

Final set of parameters            Asymptotic Standard Error
=======================            ==========================
a               = 0.000706656      +/- 4.502e-06    (0.6371%)
b               = -0.000437254     +/- 1.193e-05    (2.728%)

correlation matrix of the fit parameters:
                a      b      
a               1.000 
b              -0.944  1.000 


*******************************************************************************
Mon Apr 20 15:43:21 2026


FIT:    data read from '.\Data_Mobility_ALD\20262004002.dat' using 1:(-$8)
        format = x:z
        x range restricted to [1.00000 : 4.00000]
        #datapoints = 76
        residuals are weighted equally (unit weight)

function used for fitting: f(x)
	f(x) = a*x + b
fitted parameters initialized with current variable values

   4 8.7775264631e-08  -3.24e-02  2.00e-04    7.066564e-04  -4.372538e-04

After 4 iterations the fit converged.
final sum of squares of residuals : 8.77753e-08
rel. change during last iteration : -3.23952e-07

degrees of freedom    (FIT_NDF)                        : 74
rms of residuals      (FIT_STDFIT) = sqrt(WSSR/ndf)    : 3.44406e-05
variance of residuals (reduced chisquare) = WSSR/ndf   : 1.18615e-09

Final set of parameters            Asymptotic Standard Error
=======================            ==========================
a               = 0.000706656      +/- 4.502e-06    (0.6371%)
b               = -0.000437254     +/- 1.193e-05    (2.728%)

correlation matrix of the fit parameters:
                a      b      
a               1.000 
b              -0.944  1.000 


*******************************************************************************
Mon Apr 20 15:57:25 2026


FIT:    data read from '.\Data_Mobility_ALD\20262004003.dat' using 1:(-$8)
        format = x:z
        x range restricted to [1.00000 : 4.00000]
        #datapoints = 76
        residuals are weighted equally (unit weight)

function used for fitting: f(x)
	f(x) = a*x + b
fitted parameters initialized with current variable values

   4 1.4837729872e-07  -1.92e-02  2.00e-04    7.247772e-04  -4.040425e-04

After 4 iterations the fit converged.
final sum of squares of residuals : 1.48377e-07
rel. change during last iteration : -1.91624e-07

degrees of freedom    (FIT_NDF)                        : 74
rms of residuals      (FIT_STDFIT) = sqrt(WSSR/ndf)    : 4.47783e-05
variance of residuals (reduced chisquare) = WSSR/ndf   : 2.0051e-09

Final set of parameters            Asymptotic Standard Error
=======================            ==========================
a               = 0.000724777      +/- 5.854e-06    (0.8076%)
b               = -0.000404043     +/- 1.551e-05    (3.838%)

correlation matrix of the fit parameters:
                a      b      
a               1.000 
b              -0.944  1.000 


*******************************************************************************
Mon Apr 20 15:57:33 2026


FIT:    data read from '.\Data_Mobility_ALD\20262004003.dat' using 1:(-$8)
        format = x:z
        x range restricted to [1.00000 : 4.00000]
        #datapoints = 76
        residuals are weighted equally (unit weight)

function used for fitting: f(x)
	f(x) = a*x + b
fitted parameters initialized with current variable values

   4 1.4837729872e-07  -1.92e-02  2.00e-04    7.247772e-04  -4.040425e-04

After 4 iterations the fit converged.
final sum of squares of residuals : 1.48377e-07
rel. change during last iteration : -1.91624e-07

degrees of freedom    (FIT_NDF)                        : 74
rms of residuals      (FIT_STDFIT) = sqrt(WSSR/ndf)    : 4.47783e-05
variance of residuals (reduced chisquare) = WSSR/ndf   : 2.0051e-09

Final set of parameters            Asymptotic Standard Error
=======================            ==========================
a               = 0.000724777      +/- 5.854e-06    (0.8076%)
b               = -0.000404043     +/- 1.551e-05    (3.838%)

correlation matrix of the fit parameters:
                a      b      
a               1.000 
b              -0.944  1.000 


*******************************************************************************
Mon Apr 20 15:57:47 2026


FIT:    data read from '.\Data_Mobility_ALD\20262004003.dat' using 1:(-$8)
        format = x:z
        x range restricted to [1.00000 : 5.00000]
        #datapoints = 101
        residuals are weighted equally (unit weight)

function used for fitting: f(x)
	f(x) = a*x + b
fitted parameters initialized with current variable values

   4 1.5548292536e-07  -1.69e-02  2.38e-04    7.283121e-04  -4.122442e-04

After 4 iterations the fit converged.
final sum of squares of residuals : 1.55483e-07
rel. change during last iteration : -1.68652e-07

degrees of freedom    (FIT_NDF)                        : 99
rms of residuals      (FIT_STDFIT) = sqrt(WSSR/ndf)    : 3.963e-05
variance of residuals (reduced chisquare) = WSSR/ndf   : 1.57053e-09

Final set of parameters            Asymptotic Standard Error
=======================            ==========================
a               = 0.000728312      +/- 3.381e-06    (0.4643%)
b               = -0.000412244     +/- 1.088e-05    (2.64%)

correlation matrix of the fit parameters:
                a      b      
a               1.000 
b              -0.932  1.000 
