

*******************************************************************************
Mon Apr 20 22:06:40 2026


FIT:    data read from '.\Mobility\20262004004.dat' using 1:8
        format = x:z
        x range restricted to [1.00000 : 5.00000]
        #datapoints = 321
        residuals are weighted equally (unit weight)

function used for fitting: f(x)
	f(x) = a*x + b
fitted parameters initialized with current variable values

   4 1.7406658518e-06  -8.00e-06  2.38e-04    7.298218e-04  -3.970999e-04

After 4 iterations the fit converged.
final sum of squares of residuals : 1.74067e-06
rel. change during last iteration : -7.99656e-11

degrees of freedom    (FIT_NDF)                        : 319
rms of residuals      (FIT_STDFIT) = sqrt(WSSR/ndf)    : 7.3869e-05
variance of residuals (reduced chisquare) = WSSR/ndf   : 5.45663e-09

Final set of parameters            Asymptotic Standard Error
=======================            ==========================
a               = 0.000729822      +/- 3.559e-06    (0.4877%)
b               = -0.0003971       +/- 1.145e-05    (2.883%)

correlation matrix of the fit parameters:
                a      b      
a               1.000 
b              -0.933  1.000 


*******************************************************************************
Mon Apr 20 22:06:54 2026


FIT:    data read from '.\Mobility\20262004004.dat' using 1:8
        format = x:z
        x range restricted to [1.00000 : 5.00000]
        #datapoints = 321
        residuals are weighted equally (unit weight)

function used for fitting: f(x)
	f(x) = a*x + b
fitted parameters initialized with current variable values

   4 1.7406658518e-06  -8.00e-06  2.38e-04    7.298218e-04  -3.970999e-04

After 4 iterations the fit converged.
final sum of squares of residuals : 1.74067e-06
rel. change during last iteration : -7.99656e-11

degrees of freedom    (FIT_NDF)                        : 319
rms of residuals      (FIT_STDFIT) = sqrt(WSSR/ndf)    : 7.3869e-05
variance of residuals (reduced chisquare) = WSSR/ndf   : 5.45663e-09

Final set of parameters            Asymptotic Standard Error
=======================            ==========================
a               = 0.000729822      +/- 3.559e-06    (0.4877%)
b               = -0.0003971       +/- 1.145e-05    (2.883%)

correlation matrix of the fit parameters:
                a      b      
a               1.000 
b              -0.933  1.000 


*******************************************************************************
Mon Apr 20 22:07:10 2026


FIT:    data read from '.\Mobility\20262004004.dat' using 1:8
        format = x:z
        x range restricted to [1.00000 : 6.00000]
        #datapoints = 401
        residuals are weighted equally (unit weight)

function used for fitting: f(x)
	f(x) = a*x + b
fitted parameters initialized with current variable values

   4 2.5122229470e-06  -6.52e-06  2.77e-04    7.553001e-04  -4.615091e-04

After 4 iterations the fit converged.
final sum of squares of residuals : 2.51222e-06
rel. change during last iteration : -6.52132e-11

degrees of freedom    (FIT_NDF)                        : 399
rms of residuals      (FIT_STDFIT) = sqrt(WSSR/ndf)    : 7.93492e-05
variance of residuals (reduced chisquare) = WSSR/ndf   : 6.2963e-09

Final set of parameters            Asymptotic Standard Error
=======================            ==========================
a               = 0.0007553        +/- 2.738e-06    (0.3626%)
b               = -0.000461509     +/- 1.037e-05    (2.247%)

correlation matrix of the fit parameters:
                a      b      
a               1.000 
b              -0.924  1.000 


*******************************************************************************
Mon Apr 20 22:07:16 2026


FIT:    data read from '.\Mobility\20262004004.dat' using 1:8
        format = x:z
        x range restricted to [2.00000 : 6.00000]
        #datapoints = 321
        residuals are weighted equally (unit weight)

function used for fitting: f(x)
	f(x) = a*x + b
fitted parameters initialized with current variable values

   4 7.3654136825e-07  -3.20e-03  3.03e-04    7.651538e-04  -5.062818e-04

After 4 iterations the fit converged.
final sum of squares of residuals : 7.36541e-07
rel. change during last iteration : -3.20168e-08

degrees of freedom    (FIT_NDF)                        : 319
rms of residuals      (FIT_STDFIT) = sqrt(WSSR/ndf)    : 4.80511e-05
variance of residuals (reduced chisquare) = WSSR/ndf   : 2.30891e-09

Final set of parameters            Asymptotic Standard Error
=======================            ==========================
a               = 0.000765154      +/- 2.315e-06    (0.3026%)
b               = -0.000506282     +/- 9.642e-06    (1.905%)

correlation matrix of the fit parameters:
                a      b      
a               1.000 
b              -0.961  1.000 


*******************************************************************************
Mon Apr 20 22:07:25 2026


FIT:    data read from '.\Mobility\20262004004.dat' using 1:8
        format = x:z
        x range restricted to [5.00000 : 6.00000]
        #datapoints = 81
        residuals are weighted equally (unit weight)

function used for fitting: f(x)
	f(x) = a*x + b
fitted parameters initialized with current variable values

   5 6.8626310886e-09  -8.77e-02  3.96e-05    9.486263e-04  -1.477525e-03

After 5 iterations the fit converged.
final sum of squares of residuals : 6.86263e-09
rel. change during last iteration : -8.77407e-07

degrees of freedom    (FIT_NDF)                        : 79
rms of residuals      (FIT_STDFIT) = sqrt(WSSR/ndf)    : 9.32034e-06
variance of residuals (reduced chisquare) = WSSR/ndf   : 8.68687e-11

Final set of parameters            Asymptotic Standard Error
=======================            ==========================
a               = 0.000948626      +/- 3.543e-06    (0.3735%)
b               = -0.00147753      +/- 1.952e-05    (1.321%)

correlation matrix of the fit parameters:
                a      b      
a               1.000 
b              -0.999  1.000 


*******************************************************************************
Mon Apr 20 22:07:38 2026


FIT:    data read from '.\Mobility\20262004004.dat' using 1:8
        format = x:z
        x range restricted to [3.00000 : 6.00000]
        #datapoints = 241
        residuals are weighted equally (unit weight)

function used for fitting: f(x)
	f(x) = a*x + b
fitted parameters initialized with current variable values

   5 3.9329785545e-07   0.00e+00  3.32e-02    7.978506e-04  -6.650316e-04

After 5 iterations the fit converged.
final sum of squares of residuals : 3.93298e-07
rel. change during last iteration : 0

degrees of freedom    (FIT_NDF)                        : 239
rms of residuals      (FIT_STDFIT) = sqrt(WSSR/ndf)    : 4.0566e-05
variance of residuals (reduced chisquare) = WSSR/ndf   : 1.6456e-09

Final set of parameters            Asymptotic Standard Error
=======================            ==========================
a               = 0.000797851      +/- 3.005e-06    (0.3766%)
b               = -0.000665032     +/- 1.377e-05    (2.071%)

correlation matrix of the fit parameters:
                a      b      
a               1.000 
b              -0.982  1.000 


*******************************************************************************
Mon Apr 20 22:07:51 2026


FIT:    data read from '.\Mobility\20262004004.dat' using 1:8
        format = x:z
        x range restricted to [2.00000 : 5.00000]
        #datapoints = 241
        residuals are weighted equally (unit weight)

function used for fitting: f(x)
	f(x) = a*x + b
fitted parameters initialized with current variable values

   4 3.7109529295e-08  -1.74e-01  2.65e-04    7.242513e-04  -3.759919e-04

After 4 iterations the fit converged.
final sum of squares of residuals : 3.71095e-08
rel. change during last iteration : -1.74164e-06

degrees of freedom    (FIT_NDF)                        : 239
rms of residuals      (FIT_STDFIT) = sqrt(WSSR/ndf)    : 1.24607e-05
variance of residuals (reduced chisquare) = WSSR/ndf   : 1.5527e-10

Final set of parameters            Asymptotic Standard Error
=======================            ==========================
a               = 0.000724251      +/- 9.23e-07     (0.1274%)
b               = -0.000375992     +/- 3.329e-06    (0.8853%)

correlation matrix of the fit parameters:
                a      b      
a               1.000 
b              -0.970  1.000 


*******************************************************************************
Mon Apr 20 22:16:32 2026


FIT:    data read from '.\Mobility\20262004004.dat' using 1:8
        format = x:z
        x range restricted to [2.00000 : 5.00000]
        #datapoints = 241
        residuals are weighted equally (unit weight)

function used for fitting: f(x)
	f(x) = a*x + b
fitted parameters initialized with current variable values

   4 3.7109529295e-08  -1.74e-01  2.65e-04    7.242513e-04  -3.759919e-04

After 4 iterations the fit converged.
final sum of squares of residuals : 3.71095e-08
rel. change during last iteration : -1.74164e-06

degrees of freedom    (FIT_NDF)                        : 239
rms of residuals      (FIT_STDFIT) = sqrt(WSSR/ndf)    : 1.24607e-05
variance of residuals (reduced chisquare) = WSSR/ndf   : 1.5527e-10

Final set of parameters            Asymptotic Standard Error
=======================            ==========================
a               = 0.000724251      +/- 9.23e-07     (0.1274%)
b               = -0.000375992     +/- 3.329e-06    (0.8853%)

correlation matrix of the fit parameters:
                a      b      
a               1.000 
b              -0.970  1.000 


*******************************************************************************
Mon Apr 20 22:17:23 2026


FIT:    data read from '.\Mobility\20262004004.dat' using 1:8
        format = x:z
        x range restricted to [2.00000 : 5.00000]
        #datapoints = 241
        residuals are weighted equally (unit weight)

function used for fitting: f(x)
	f(x) = a*x + b
fitted parameters initialized with current variable values

   4 3.7109529295e-08  -1.74e-01  2.65e-04    7.242513e-04  -3.759919e-04

After 4 iterations the fit converged.
final sum of squares of residuals : 3.71095e-08
rel. change during last iteration : -1.74164e-06

degrees of freedom    (FIT_NDF)                        : 239
rms of residuals      (FIT_STDFIT) = sqrt(WSSR/ndf)    : 1.24607e-05
variance of residuals (reduced chisquare) = WSSR/ndf   : 1.5527e-10

Final set of parameters            Asymptotic Standard Error
=======================            ==========================
a               = 0.000724251      +/- 9.23e-07     (0.1274%)
b               = -0.000375992     +/- 3.329e-06    (0.8853%)

correlation matrix of the fit parameters:
                a      b      
a               1.000 
b              -0.970  1.000 


*******************************************************************************
Mon Apr 20 22:18:15 2026


FIT:    data read from '.\Mobility\20262004004.dat' using 1:8
        format = x:z
        x range restricted to [2.00000 : 5.00000]
        #datapoints = 241
        residuals are weighted equally (unit weight)

function used for fitting: f(x)
	f(x) = a*x + b
fitted parameters initialized with current variable values

   4 3.7109529295e-08  -1.74e-01  2.65e-04    7.242513e-04  -3.759919e-04

After 4 iterations the fit converged.
final sum of squares of residuals : 3.71095e-08
rel. change during last iteration : -1.74164e-06

degrees of freedom    (FIT_NDF)                        : 239
rms of residuals      (FIT_STDFIT) = sqrt(WSSR/ndf)    : 1.24607e-05
variance of residuals (reduced chisquare) = WSSR/ndf   : 1.5527e-10

Final set of parameters            Asymptotic Standard Error
=======================            ==========================
a               = 0.000724251      +/- 9.23e-07     (0.1274%)
b               = -0.000375992     +/- 3.329e-06    (0.8853%)

correlation matrix of the fit parameters:
                a      b      
a               1.000 
b              -0.970  1.000 


*******************************************************************************
Mon Apr 20 22:18:32 2026


FIT:    data read from '.\Mobility\20262004004.dat' using 1:8
        format = x:z
        x range restricted to [2.00000 : 6.00000]
        #datapoints = 321
        residuals are weighted equally (unit weight)

function used for fitting: f(x)
	f(x) = a*x + b
fitted parameters initialized with current variable values

   4 7.3654136825e-07  -3.20e-03  3.03e-04    7.651538e-04  -5.062818e-04

After 4 iterations the fit converged.
final sum of squares of residuals : 7.36541e-07
rel. change during last iteration : -3.20168e-08

degrees of freedom    (FIT_NDF)                        : 319
rms of residuals      (FIT_STDFIT) = sqrt(WSSR/ndf)    : 4.80511e-05
variance of residuals (reduced chisquare) = WSSR/ndf   : 2.30891e-09

Final set of parameters            Asymptotic Standard Error
=======================            ==========================
a               = 0.000765154      +/- 2.315e-06    (0.3026%)
b               = -0.000506282     +/- 9.642e-06    (1.905%)

correlation matrix of the fit parameters:
                a      b      
a               1.000 
b              -0.961  1.000 


*******************************************************************************
Mon Apr 20 22:19:07 2026


FIT:    data read from '.\Mobility\20262004004.dat' using 1:8
        format = x:z
        x range restricted to [2.00000 : 6.00000]
        #datapoints = 321
        residuals are weighted equally (unit weight)

function used for fitting: f(x)
	f(x) = a*x + b
fitted parameters initialized with current variable values

   4 7.3654136825e-07  -3.20e-03  3.03e-04    7.651538e-04  -5.062818e-04

After 4 iterations the fit converged.
final sum of squares of residuals : 7.36541e-07
rel. change during last iteration : -3.20168e-08

degrees of freedom    (FIT_NDF)                        : 319
rms of residuals      (FIT_STDFIT) = sqrt(WSSR/ndf)    : 4.80511e-05
variance of residuals (reduced chisquare) = WSSR/ndf   : 2.30891e-09

Final set of parameters            Asymptotic Standard Error
=======================            ==========================
a               = 0.000765154      +/- 2.315e-06    (0.3026%)
b               = -0.000506282     +/- 9.642e-06    (1.905%)

correlation matrix of the fit parameters:
                a      b      
a               1.000 
b              -0.961  1.000 
