1	KP	Str	User Initials:	EOL
2	ALD1106 common Source	Str	Sample Name:	EOL
3	Vout - Vin	Str	Meas. type:	EOL
4	RD: 5k, RS: 500	Str	Comment 1:	EOL
5	VDS: 10V	Str	Comment 2:	EOL
6	VGS: 0V to 10V	Str	Comment 3:	EOL
7		Str	Comment 4:	EOL
8	void	Str	Comment 5:	EOL
9	void	Str	void:	EOL
10	0	Dbl	Initial GS-voltage VG4 (V):	EOL
11	10	Dbl	Final GS-voltage VG4 (V):	EOL
12	401	Lng	Bins for GS-voltage ():	EOL
13	1	Lng	Scans to do ():	EOL
14	-666	Dbl	void:	EOL
15	10	Dbl	DS-voltage V34 (V):	EOL
16	1e-3	Dbl	GS-current limit for IGS (A):	EOL
17	1e-1	Dbl	DS-current limit for I34 (A):	EOL
18	-666	Dbl	void:	EOL
19	-666	Dbl	void:	EOL
20	50	Lng	Basic wait time (ms):	EOL
21	0	Lng	Sec. before start (s):	EOL
22	0	Dbl	VG4 before Start (V):	EOL
23	-666	Dbl	void:	EOL
24	-666	Dbl	void:	EOL
25	-666	Dbl	void:	EOL
