1	 KP	Str	User Initials:	EOL
2	ALD1106	Str	Sample Name:	EOL
3	FET IDS vs. VDS	Str	Meas. type:	EOL
4	VDS: 0V to 10V	Str	Comment 1:	EOL
5	VGS:8V	Str	Comment 2:	EOL
6	void	Str	Comment 3:	EOL
7	void	Str	Comment 4:	EOL
8	void	Str	Comment 5:	EOL
9	void	Str	void:	EOL
10	0.0	Dbl	Initial DS-voltage V_34 (V):	EOL
11	10	Dbl	Final DS-voltage V_34 (V):	EOL
12	401	Lng	Bins for DS-voltage ():	EOL
13	1	Lng	Scans to do ():	EOL
14	-666	Dbl	void:	EOL
15	8	Dbl	GS-voltage V_G4 (V):	EOL
16	1e-1	Dbl	GS-current limit limit (A):	EOL
17	1e-1	Dbl	DS-current limit I_34 (A):	EOL
18	-666	Dbl	void:	EOL
19	-666	Dbl	void:	EOL
20	50	Lng	Basic wait time (ms):	EOL
21	-666	Lng	void:	EOL
22	-666	Lng	void:	EOL
23	-666	Dbl	void:	EOL
24	-666	Dbl	void:	EOL
25	-666	Dbl	void:	EOL
